{
  "RSpec": {
    "coverage": {
      "/Users/danwinter/turing_projects/3_module/rails_engine/spec/api/v1/customers/customers_favorite_merchants_controller_spec.rb": [
        1,
        null,
        1,
        1,
        1,
        1,
        1,
        1,
        1,
        null,
        null,
        1,
        null,
        null,
        null,
        null,
        null,
        1,
        1,
        1,
        null,
        1,
        null,
        null,
        null
      ],
      "/Users/danwinter/turing_projects/3_module/rails_engine/spec/rails_helper.rb": [
        null,
        1,
        1,
        null,
        1,
        1,
        1,
        null,
        1,
        1,
        null,
        1,
        null,
        null,
        1,
        1,
        1,
        null,
        1,
        null,
        null,
        null,
        null,
        null,
        null,
        null,
        null,
        null,
        null,
        null,
        null,
        null,
        null,
        null,
        null,
        null,
        null,
        null,
        null,
        null,
        1,
        null,
        1,
        null,
        1,
        null,
        null,
        null,
        null,
        1,
        null,
        null,
        null,
        null,
        null,
        null,
        null,
        null,
        null,
        null,
        null,
        null,
        null,
        null,
        1,
        null,
        null,
        1,
        null,
        null,
        null
      ],
      "/Users/danwinter/turing_projects/3_module/rails_engine/config/environment.rb": [
        null,
        1,
        null,
        null,
        1
      ],
      "/Users/danwinter/turing_projects/3_module/rails_engine/config/application.rb": [
        1,
        null,
        1,
        null,
        1,
        1,
        1,
        1,
        1,
        1,
        1,
        null,
        null,
        null,
        null,
        1,
        null,
        1,
        1,
        null,
        null,
        null,
        null,
        null,
        null,
        null,
        null,
        null,
        null,
        null,
        null,
        null,
        1,
        null,
        null
      ],
      "/Users/danwinter/turing_projects/3_module/rails_engine/config/boot.rb": [
        1,
        null,
        1
      ],
      "/Users/danwinter/turing_projects/3_module/rails_engine/config/environments/test.rb": [
        1,
        null,
        null,
        null,
        null,
        null,
        null,
        1,
        null,
        null,
        null,
        null,
        1,
        null,
        null,
        1,
        1,
        null,
        null,
        1,
        1,
        null,
        null,
        1,
        null,
        null,
        1,
        null,
        null,
        null,
        null,
        1,
        null,
        null,
        1,
        null,
        null,
        1,
        null,
        null,
        null,
        null
      ],
      "/Users/danwinter/turing_projects/3_module/rails_engine/config/initializers/assets.rb": [
        null,
        null,
        null,
        1,
        null,
        null,
        null,
        null,
        null,
        null,
        null
      ],
      "/Users/danwinter/turing_projects/3_module/rails_engine/config/initializers/backtrace_silencers.rb": [
        null,
        null,
        null,
        null,
        null,
        null,
        null
      ],
      "/Users/danwinter/turing_projects/3_module/rails_engine/config/initializers/cookies_serializer.rb": [
        null,
        null,
        1
      ],
      "/Users/danwinter/turing_projects/3_module/rails_engine/config/initializers/filter_parameter_logging.rb": [
        null,
        null,
        null,
        1
      ],
      "/Users/danwinter/turing_projects/3_module/rails_engine/config/initializers/inflections.rb": [
        null,
        null,
        null,
        null,
        null,
        null,
        null,
        null,
        null,
        null,
        null,
        null,
        null,
        null,
        null,
        null
      ],
      "/Users/danwinter/turing_projects/3_module/rails_engine/config/initializers/mime_types.rb": [
        null,
        null,
        null,
        null
      ],
      "/Users/danwinter/turing_projects/3_module/rails_engine/config/initializers/session_store.rb": [
        null,
        null,
        1
      ],
      "/Users/danwinter/turing_projects/3_module/rails_engine/config/initializers/wrap_parameters.rb": [
        null,
        null,
        null,
        null,
        null,
        null,
        1,
        1,
        null,
        null,
        null,
        null,
        null,
        null
      ],
      "/Users/danwinter/turing_projects/3_module/rails_engine/spec/factories/customers.rb": [
        1,
        1,
        1,
        1,
        null,
        null
      ],
      "/Users/danwinter/turing_projects/3_module/rails_engine/spec/factories/invoice_items.rb": [
        1,
        1,
        1,
        1,
        1,
        1,
        null,
        null
      ],
      "/Users/danwinter/turing_projects/3_module/rails_engine/spec/factories/invoices.rb": [
        1,
        1,
        1,
        1,
        1,
        null,
        null
      ],
      "/Users/danwinter/turing_projects/3_module/rails_engine/spec/factories/items.rb": [
        1,
        1,
        1,
        1,
        1,
        1,
        null,
        null
      ],
      "/Users/danwinter/turing_projects/3_module/rails_engine/spec/factories/merchants.rb": [
        1,
        1,
        1,
        null,
        null
      ],
      "/Users/danwinter/turing_projects/3_module/rails_engine/spec/factories/transactions.rb": [
        1,
        1,
        1,
        1,
        1,
        1,
        null,
        null
      ],
      "/Users/danwinter/turing_projects/3_module/rails_engine/config/routes.rb": [
        1,
        1,
        1,
        1,
        1,
        1,
        1,
        1,
        1,
        1,
        null,
        1,
        1,
        1,
        1,
        1,
        1,
        1,
        null,
        null,
        1,
        1,
        1,
        1,
        1,
        null,
        1,
        1,
        1,
        1,
        null,
        null,
        1,
        1,
        1,
        1,
        1,
        null,
        1,
        1,
        1,
        1,
        1,
        1,
        null,
        null,
        1,
        1,
        1,
        1,
        1,
        1,
        1,
        null,
        1,
        1,
        1,
        1,
        null,
        null,
        1,
        1,
        1,
        1,
        null,
        1,
        1,
        1,
        1,
        null,
        null,
        1,
        1,
        1,
        null,
        1,
        1,
        1,
        1,
        null,
        null,
        null,
        null,
        null
      ],
      "/Users/danwinter/turing_projects/3_module/rails_engine/app/helpers/application_helper.rb": [
        1,
        null
      ],
      "/Users/danwinter/turing_projects/3_module/rails_engine/app/controllers/api/v1/customers/customers_favorite_merchants_controller.rb": [
        1,
        1,
        null,
        1,
        1,
        null,
        null
      ],
      "/Users/danwinter/turing_projects/3_module/rails_engine/app/controllers/api/api_controller.rb": [
        1,
        1,
        null
      ],
      "/Users/danwinter/turing_projects/3_module/rails_engine/app/controllers/application_controller.rb": [
        1,
        null,
        null,
        1,
        null
      ],
      "/Users/danwinter/turing_projects/3_module/rails_engine/spec/api/v1/customers/customers_invoices_controller_spec.rb": [
        1,
        null,
        1,
        1,
        1,
        1,
        null,
        null,
        1,
        4,
        1,
        null,
        1,
        1,
        null,
        1,
        1,
        null,
        null,
        null
      ],
      "/Users/danwinter/turing_projects/3_module/rails_engine/app/controllers/api/v1/customers/customers_invoices_controller.rb": [
        1,
        1,
        null,
        1,
        1,
        null,
        null
      ],
      "/Users/danwinter/turing_projects/3_module/rails_engine/spec/api/v1/customers/customers_transactions_controller_spec.rb": [
        1,
        null,
        1,
        1,
        1,
        1,
        1,
        1,
        null,
        null,
        1,
        1,
        1,
        null,
        1,
        null,
        null,
        null
      ],
      "/Users/danwinter/turing_projects/3_module/rails_engine/app/controllers/api/v1/customers/customers_transactions_controller.rb": [
        1,
        1,
        null,
        1,
        1,
        null,
        null
      ],
      "/Users/danwinter/turing_projects/3_module/rails_engine/spec/api/v1/customers_controller_spec.rb": [
        1,
        null,
        1,
        1,
        1,
        1,
        1,
        1,
        1,
        1,
        1,
        null,
        null,
        null,
        1,
        1,
        5,
        1,
        null,
        null,
        1,
        1,
        1,
        null,
        null,
        null
      ],
      "/Users/danwinter/turing_projects/3_module/rails_engine/app/controllers/api/v1/customers_controller.rb": [
        1,
        1,
        null,
        1,
        1,
        null,
        null,
        1,
        1,
        null,
        null,
        1,
        0,
        null,
        null,
        1,
        null,
        1,
        0,
        null,
        null,
        null,
        null,
        null,
        null
      ],
      "/Users/danwinter/turing_projects/3_module/rails_engine/spec/api/v1/customers_finder_controller_spec.rb": [
        1,
        null,
        1,
        1,
        1,
        4,
        4,
        4,
        null,
        null,
        1,
        null,
        1,
        1,
        1,
        1,
        1,
        null,
        null,
        1,
        1,
        1,
        1,
        1,
        1,
        null,
        null,
        1,
        1,
        1,
        1,
        1,
        1,
        null,
        null,
        1,
        1,
        1,
        1,
        1,
        1,
        null,
        null,
        null,
        1,
        1,
        1,
        1,
        1,
        null,
        null,
        1,
        1,
        1,
        1,
        1,
        1,
        1,
        null,
        null,
        null
      ],
      "/Users/danwinter/turing_projects/3_module/rails_engine/app/controllers/api/v1/customers_finder_controller.rb": [
        1,
        1,
        null,
        1,
        4,
        null,
        null,
        1,
        1,
        null,
        null,
        1,
        null,
        1,
        5,
        null,
        null,
        null,
        null,
        null,
        null
      ],
      "/Users/danwinter/turing_projects/3_module/rails_engine/spec/api/v1/invoice_items/invoice_items_invoices_controller_spec.rb": [
        1,
        null,
        1,
        1,
        1,
        1,
        1,
        null,
        null,
        1,
        1,
        1,
        null,
        1,
        null,
        null,
        null
      ],
      "/Users/danwinter/turing_projects/3_module/rails_engine/app/controllers/api/v1/invoice_items/invoice_items_invoices_controller.rb": [
        1,
        1,
        null,
        1,
        1,
        null,
        null
      ],
      "/Users/danwinter/turing_projects/3_module/rails_engine/spec/api/v1/invoice_items/invoice_items_items_controller_spec.rb": [
        1,
        null,
        1,
        1,
        1,
        1,
        1,
        null,
        null,
        1,
        1,
        1,
        null,
        1,
        null,
        null,
        null
      ],
      "/Users/danwinter/turing_projects/3_module/rails_engine/app/controllers/api/v1/invoice_items/invoice_items_items_controller.rb": [
        1,
        1,
        null,
        1,
        1,
        null,
        null
      ],
      "/Users/danwinter/turing_projects/3_module/rails_engine/spec/api/v1/invoice_items_controller_spec.rb": [
        1,
        null,
        1,
        1,
        1,
        1,
        1,
        1,
        null,
        1,
        1,
        1,
        1,
        1,
        null,
        null,
        null,
        1,
        1,
        5,
        1,
        null,
        null,
        1,
        1,
        1,
        null,
        null,
        null
      ],
      "/Users/danwinter/turing_projects/3_module/rails_engine/app/controllers/api/v1/invoice_items_controller.rb": [
        1,
        1,
        null,
        1,
        1,
        null,
        null,
        1,
        1,
        null,
        null
      ],
      "/Users/danwinter/turing_projects/3_module/rails_engine/spec/api/v1/invoice_items_finder_controller_spec.rb": [
        null,
        1,
        null,
        1,
        1,
        1,
        4,
        4,
        4,
        null,
        null,
        1,
        null,
        1,
        1,
        1,
        1,
        1,
        1,
        null,
        null,
        1,
        1,
        1,
        1,
        1,
        1,
        null,
        null,
        1,
        1,
        1,
        1,
        1,
        1,
        null,
        null,
        1,
        1,
        1,
        1,
        1,
        1,
        null,
        null,
        null,
        1,
        1,
        1,
        1,
        1,
        null,
        null,
        1,
        1,
        null,
        1,
        1,
        1,
        1,
        1,
        null,
        null,
        null
      ],
      "/Users/danwinter/turing_projects/3_module/rails_engine/app/controllers/api/v1/invoice_items_finder_controller.rb": [
        1,
        1,
        null,
        1,
        4,
        null,
        null,
        1,
        1,
        null,
        null,
        1,
        null,
        1,
        5,
        null,
        null,
        null,
        null,
        null,
        null,
        null,
        null
      ],
      "/Users/danwinter/turing_projects/3_module/rails_engine/spec/api/v1/invoices/invoices_customers_controller_spec.rb": [
        1,
        null,
        1,
        1,
        1,
        1,
        1,
        null,
        null,
        1,
        null,
        1,
        1,
        null,
        1,
        null,
        null,
        null
      ],
      "/Users/danwinter/turing_projects/3_module/rails_engine/app/controllers/api/v1/invoices/invoices_customers_controller.rb": [
        1,
        1,
        null,
        1,
        1,
        null,
        null
      ],
      "/Users/danwinter/turing_projects/3_module/rails_engine/spec/api/v1/invoices/invoices_invoices_items_controller_spec.rb": [
        1,
        null,
        1,
        1,
        1,
        1,
        null,
        null,
        1,
        4,
        1,
        null,
        1,
        1,
        null,
        1,
        1,
        null,
        null,
        null
      ],
      "/Users/danwinter/turing_projects/3_module/rails_engine/app/controllers/api/v1/invoices/invoices_invoices_items_controller.rb": [
        1,
        1,
        null,
        1,
        1,
        null,
        null
      ],
      "/Users/danwinter/turing_projects/3_module/rails_engine/spec/api/v1/invoices/invoices_items_controller_spec.rb": [
        1,
        null,
        1,
        1,
        1,
        1,
        null,
        null,
        1,
        4,
        1,
        null,
        1,
        1,
        null,
        1,
        1,
        null,
        null,
        null
      ],
      "/Users/danwinter/turing_projects/3_module/rails_engine/app/controllers/api/v1/invoices/invoices_items_controller.rb": [
        1,
        1,
        null,
        1,
        1,
        null,
        null
      ],
      "/Users/danwinter/turing_projects/3_module/rails_engine/spec/api/v1/invoices/invoices_merchants_controller_spec.rb": [
        1,
        null,
        1,
        1,
        1,
        1,
        1,
        null,
        null,
        1,
        1,
        1,
        null,
        1,
        null,
        null,
        null
      ],
      "/Users/danwinter/turing_projects/3_module/rails_engine/app/controllers/api/v1/invoices/invoices_merchants_controller.rb": [
        1,
        1,
        null,
        1,
        1,
        null,
        null
      ],
      "/Users/danwinter/turing_projects/3_module/rails_engine/spec/api/v1/invoices/invoices_transactions_controller_spec.rb": [
        1,
        null,
        1,
        1,
        1,
        1,
        null,
        null,
        1,
        4,
        1,
        null,
        1,
        1,
        null,
        1,
        1,
        null,
        null,
        null
      ],
      "/Users/danwinter/turing_projects/3_module/rails_engine/app/controllers/api/v1/invoices/invoices_transactions_controller.rb": [
        1,
        1,
        null,
        1,
        1,
        null,
        null
      ],
      "/Users/danwinter/turing_projects/3_module/rails_engine/spec/api/v1/invoices_controller_spec.rb": [
        1,
        null,
        1,
        1,
        1,
        1,
        1,
        1,
        1,
        1,
        1,
        1,
        null,
        null,
        null,
        1,
        1,
        5,
        1,
        null,
        null,
        1,
        1,
        1,
        null,
        null,
        null
      ],
      "/Users/danwinter/turing_projects/3_module/rails_engine/app/controllers/api/v1/invoices_controller.rb": [
        1,
        1,
        null,
        1,
        1,
        null,
        null,
        1,
        1,
        null,
        null
      ],
      "/Users/danwinter/turing_projects/3_module/rails_engine/spec/api/v1/items/items_best_days_controller_spec.rb": [
        1,
        null,
        1,
        1,
        1,
        1,
        1,
        1,
        null,
        1,
        null,
        1,
        null,
        null,
        null,
        1,
        2,
        null,
        2,
        null,
        2,
        null,
        null,
        null,
        null,
        null,
        null,
        null,
        1,
        1,
        1,
        null,
        1,
        1,
        null,
        null,
        null
      ],
      "/Users/danwinter/turing_projects/3_module/rails_engine/app/controllers/api/v1/items/items_best_days_controller.rb": [
        1,
        1,
        null,
        1,
        1,
        null,
        null
      ],
      "/Users/danwinter/turing_projects/3_module/rails_engine/spec/api/v1/items/items_invoice_items_controller_spec.rb": [
        1,
        null,
        1,
        1,
        1,
        1,
        1,
        1,
        null,
        null,
        1,
        1,
        1,
        null,
        1,
        1,
        null,
        null,
        null
      ],
      "/Users/danwinter/turing_projects/3_module/rails_engine/app/controllers/api/v1/items/items_invoice_items_controller.rb": [
        1,
        1,
        null,
        1,
        1,
        null,
        null
      ],
      "/Users/danwinter/turing_projects/3_module/rails_engine/spec/api/v1/items/items_merchants_controller_spec.rb": [
        1,
        null,
        1,
        1,
        1,
        1,
        1,
        null,
        null,
        1,
        1,
        1,
        null,
        1,
        1,
        null,
        null,
        null
      ],
      "/Users/danwinter/turing_projects/3_module/rails_engine/app/controllers/api/v1/items/items_merchants_controller.rb": [
        1,
        1,
        null,
        1,
        1,
        null,
        null
      ],
      "/Users/danwinter/turing_projects/3_module/rails_engine/spec/api/v1/items/items_revenues_controller_spec.rb": [
        1,
        null,
        1,
        1,
        1,
        1,
        1,
        1,
        1,
        null,
        1,
        null,
        null,
        null,
        null,
        1,
        1,
        1,
        null,
        1,
        1,
        null,
        null,
        null
      ],
      "/Users/danwinter/turing_projects/3_module/rails_engine/app/controllers/api/v1/items/items_revenues_controller.rb": [
        1,
        1,
        null,
        1,
        1,
        null,
        null
      ],
      "/Users/danwinter/turing_projects/3_module/rails_engine/spec/api/v1/items/items_sales_controller_spec.rb": [
        1,
        null,
        1,
        1,
        1,
        1,
        1,
        1,
        1,
        null,
        1,
        null,
        null,
        null,
        null,
        1,
        1,
        1,
        null,
        1,
        1,
        null,
        null,
        null
      ],
      "/Users/danwinter/turing_projects/3_module/rails_engine/app/controllers/api/v1/items/items_sales_controller.rb": [
        1,
        1,
        null,
        1,
        1,
        null,
        null
      ],
      "/Users/danwinter/turing_projects/3_module/rails_engine/spec/api/v1/items_controller_spec.rb": [
        1,
        null,
        1,
        1,
        1,
        1,
        1,
        1,
        1,
        1,
        1,
        1,
        null,
        null,
        null,
        1,
        1,
        5,
        1,
        null,
        null,
        null,
        1,
        1,
        1,
        1,
        null,
        null,
        null
      ],
      "/Users/danwinter/turing_projects/3_module/rails_engine/app/controllers/api/v1/items_controller.rb": [
        1,
        1,
        null,
        1,
        1,
        null,
        null,
        1,
        1,
        null,
        null
      ],
      "/Users/danwinter/turing_projects/3_module/rails_engine/spec/api/v1/items_finder_controller_spec.rb": [
        1,
        null,
        1,
        1,
        1,
        4,
        null,
        4,
        4,
        null,
        null,
        1,
        1,
        null,
        null,
        1,
        1,
        1,
        1,
        1,
        null,
        null,
        1,
        null,
        1,
        1,
        1,
        1,
        1,
        1,
        null,
        null,
        1,
        1,
        null,
        1,
        1,
        1,
        1,
        1,
        null,
        null,
        1,
        1,
        null,
        1,
        1,
        1,
        1,
        1,
        null,
        null,
        null,
        1,
        1,
        1,
        1,
        1,
        null,
        null,
        1,
        1,
        1,
        1,
        1,
        1,
        1,
        null,
        null,
        null
      ],
      "/Users/danwinter/turing_projects/3_module/rails_engine/app/controllers/api/v1/items_finder_controller.rb": [
        1,
        1,
        null,
        1,
        4,
        null,
        null,
        1,
        1,
        null,
        null,
        1,
        null,
        1,
        5,
        null,
        null,
        null,
        null,
        null,
        null,
        null,
        null
      ],
      "/Users/danwinter/turing_projects/3_module/rails_engine/spec/api/v1/merchants/merchants_invoices_controller_spec.rb": [
        1,
        null,
        1,
        1,
        1,
        1,
        null,
        null,
        1,
        4,
        1,
        null,
        1,
        1,
        null,
        1,
        1,
        null,
        null,
        null
      ],
      "/Users/danwinter/turing_projects/3_module/rails_engine/app/controllers/api/v1/merchants/merchants_invoices_controller.rb": [
        1,
        1,
        null,
        1,
        1,
        null,
        null
      ],
      "/Users/danwinter/turing_projects/3_module/rails_engine/spec/api/v1/merchants/merchants_items_controller_spec.rb": [
        1,
        null,
        1,
        1,
        1,
        1,
        null,
        null,
        1,
        4,
        1,
        null,
        1,
        1,
        null,
        1,
        1,
        null,
        null,
        null
      ],
      "/Users/danwinter/turing_projects/3_module/rails_engine/app/controllers/api/v1/merchants/merchants_items_controller.rb": [
        1,
        1,
        null,
        1,
        1,
        null,
        null
      ],
      "/Users/danwinter/turing_projects/3_module/rails_engine/spec/api/v1/merchants/merchants_revenues_controller_spec.rb": [
        1,
        null,
        1,
        1,
        1,
        1,
        1,
        null,
        1,
        null,
        1,
        null,
        1,
        null,
        null,
        1,
        null,
        null,
        null,
        1,
        1,
        null,
        1,
        null,
        1,
        1,
        null,
        null,
        null
      ],
      "/Users/danwinter/turing_projects/3_module/rails_engine/app/controllers/api/v1/merchants/merchants_revenues_controller.rb": [
        1,
        1,
        null,
        1,
        0,
        0,
        null,
        0,
        null,
        null,
        null,
        1,
        1,
        null,
        null
      ],
      "/Users/danwinter/turing_projects/3_module/rails_engine/spec/api/v1/merchants_controller_spec.rb": [
        1,
        null,
        1,
        1,
        1,
        1,
        1,
        1,
        1,
        1,
        null,
        null,
        null,
        1,
        1,
        5,
        1,
        null,
        null,
        1,
        1,
        1,
        null,
        null,
        null
      ],
      "/Users/danwinter/turing_projects/3_module/rails_engine/app/controllers/api/v1/merchants_controller.rb": [
        1,
        1,
        null,
        1,
        1,
        null,
        null,
        1,
        1,
        null,
        null
      ],
      "/Users/danwinter/turing_projects/3_module/rails_engine/spec/api/v1/merchants_finder_controller_spec.rb": [
        1,
        null,
        1,
        1,
        1,
        3,
        3,
        3,
        null,
        null,
        1,
        1,
        1,
        1,
        1,
        null,
        null,
        1,
        1,
        1,
        1,
        1,
        null,
        null,
        1,
        1,
        1,
        1,
        1,
        null,
        null,
        null,
        1,
        1,
        1,
        1,
        1,
        null,
        null,
        1,
        1,
        1,
        1,
        1,
        1,
        1,
        null,
        null,
        null
      ],
      "/Users/danwinter/turing_projects/3_module/rails_engine/app/controllers/api/v1/merchants_finder_controller.rb": [
        1,
        1,
        null,
        1,
        3,
        null,
        null,
        1,
        1,
        null,
        null,
        1,
        null,
        1,
        4,
        null,
        null,
        null,
        null,
        null
      ],
      "/Users/danwinter/turing_projects/3_module/rails_engine/spec/api/v1/transactions/transactions_invoices_controller_spec.rb": [
        1,
        null,
        1,
        1,
        1,
        1,
        1,
        null,
        null,
        1,
        1,
        1,
        null,
        1,
        1,
        null,
        null,
        null
      ],
      "/Users/danwinter/turing_projects/3_module/rails_engine/app/controllers/api/v1/transactions/transactions_invoices_controller.rb": [
        1,
        1,
        null,
        1,
        1,
        null,
        null
      ],
      "/Users/danwinter/turing_projects/3_module/rails_engine/spec/api/v1/transactions_controller_spec.rb": [
        1,
        null,
        1,
        1,
        1,
        1,
        1,
        1,
        1,
        1,
        1,
        1,
        null,
        null,
        null,
        1,
        1,
        5,
        1,
        null,
        null,
        1,
        1,
        1,
        null,
        null,
        null
      ],
      "/Users/danwinter/turing_projects/3_module/rails_engine/app/controllers/api/v1/transactions_controller.rb": [
        1,
        1,
        null,
        1,
        1,
        null,
        null,
        1,
        1,
        null,
        null
      ],
      "/Users/danwinter/turing_projects/3_module/rails_engine/spec/api/v1/transactions_finder_controller_spec.rb": [
        1,
        null,
        1,
        1,
        1,
        3,
        3,
        3,
        null,
        null,
        1,
        null,
        1,
        1,
        1,
        1,
        1,
        1,
        1,
        1,
        null,
        null,
        1,
        1,
        1,
        1,
        1,
        null,
        null,
        1,
        1,
        1,
        1,
        1,
        null,
        null,
        null,
        1,
        1,
        1,
        1,
        1,
        null,
        null,
        1,
        1,
        null,
        1,
        1,
        1,
        1,
        1,
        null,
        null,
        null
      ],
      "/Users/danwinter/turing_projects/3_module/rails_engine/app/controllers/api/v1/transactions_finder_controller.rb": [
        1,
        1,
        null,
        1,
        3,
        null,
        null,
        1,
        1,
        null,
        null,
        1,
        null,
        1,
        4,
        null,
        null,
        null,
        null,
        null,
        null,
        null,
        null
      ],
      "/Users/danwinter/turing_projects/3_module/rails_engine/spec/models/customer_spec.rb": [
        1,
        null,
        1,
        4,
        null,
        4,
        null,
        2,
        2,
        2,
        null
      ],
      "/Users/danwinter/turing_projects/3_module/rails_engine/app/models/customer.rb": [
        1,
        1,
        1,
        null,
        1,
        1,
        1,
        null,
        null
      ],
      "/Users/danwinter/turing_projects/3_module/rails_engine/spec/models/invoice_item_spec.rb": [
        1,
        null,
        1,
        8,
        null,
        8,
        null,
        2,
        2,
        2,
        2,
        null,
        2,
        2,
        2,
        null
      ],
      "/Users/danwinter/turing_projects/3_module/rails_engine/app/models/invoice_item.rb": [
        1,
        1,
        1,
        null,
        79,
        null,
        null
      ],
      "/Users/danwinter/turing_projects/3_module/rails_engine/spec/models/invoice_spec.rb": [
        1,
        null,
        1,
        7,
        null,
        7,
        null,
        2,
        2,
        2,
        null,
        2,
        2,
        2,
        null
      ],
      "/Users/danwinter/turing_projects/3_module/rails_engine/app/models/invoice.rb": [
        1,
        1,
        1,
        1,
        1,
        1,
        null,
        6,
        1,
        1,
        1,
        2,
        1,
        null
      ],
      "/Users/danwinter/turing_projects/3_module/rails_engine/spec/models/item_spec.rb": [
        1,
        null,
        1,
        7,
        null,
        7,
        null,
        2,
        2,
        2,
        2,
        2,
        2,
        null
      ],
      "/Users/danwinter/turing_projects/3_module/rails_engine/app/models/item.rb": [
        1,
        1,
        1,
        1,
        null,
        103,
        null,
        1,
        1,
        1,
        null,
        null,
        1,
        1,
        1,
        1,
        null,
        null,
        null,
        1,
        1,
        null,
        null,
        null
      ],
      "/Users/danwinter/turing_projects/3_module/rails_engine/spec/models/merchant_spec.rb": [
        1,
        null,
        1,
        3,
        null,
        3,
        null,
        2,
        2,
        null
      ],
      "/Users/danwinter/turing_projects/3_module/rails_engine/app/models/merchant.rb": [
        1,
        1,
        1,
        1,
        null,
        1,
        null,
        1,
        0,
        null,
        null,
        1,
        0,
        null,
        null,
        1,
        0,
        0,
        null,
        null,
        1,
        0,
        null,
        null,
        1,
        1,
        1,
        1,
        null,
        null,
        null,
        1,
        0,
        0,
        0,
        null,
        null,
        null
      ],
      "/Users/danwinter/turing_projects/3_module/rails_engine/spec/models/transaction_spec.rb": [
        1,
        null,
        1,
        7,
        null,
        7,
        null,
        2,
        2,
        2,
        2,
        2,
        2,
        null
      ],
      "/Users/danwinter/turing_projects/3_module/rails_engine/app/models/transaction.rb": [
        1,
        1,
        1,
        null
      ],
      "/Users/danwinter/turing_projects/3_module/rails_engine/app/serializers/transaction_serializer.rb": [
        1,
        1,
        null,
        null,
        null,
        null,
        null,
        null
      ],
      "/Users/danwinter/turing_projects/3_module/rails_engine/app/serializers/item_serializer.rb": [
        1,
        1,
        null,
        null
      ],
      "/Users/danwinter/turing_projects/3_module/rails_engine/app/serializers/invoice_item_serializer.rb": [
        1,
        1,
        null,
        null,
        null,
        null,
        null,
        null,
        null,
        null
      ]
    },
    "timestamp": 1456368252
  }
}
